Using pre-set license
Built from '2020.3/staging' branch; Version is '2020.3.0f1 (c7b5465681fb) revision 13088070'; Using compiler version '192528614'; Build Type 'Release'
OS: 'Windows 10 Home; OS build 19042.928; Version 2009; 64bit' Language: 'zh' Physical Memory: 16257 MB
BatchMode: 1, IsHumanControllingUs: 0, StartBugReporterOnCrash: 0, Is64bit: 1, IsPro: 0

 COMMAND LINE ARGUMENTS:
C:\Program Files\Unity\Hub\Editor\2020.3.0f1\Editor\Unity.exe
-adb2
-batchMode
-noUpm
-name
AssetImportWorker0
-projectPath
D:/project/unity/DittoGame
-logFile
Logs/AssetImportWorker0.log
-srvPort
59073
Successfully changed project path to: D:/project/unity/DittoGame
D:/project/unity/DittoGame
Using Asset Import Pipeline V2.
Refreshing native plugins compatible for Editor in 64.43 ms, found 1 plugins.
Preloading 0 native plugins for Editor in 0.00 ms.
Initialize engine version: 2020.3.0f1 (c7b5465681fb)
[Subsystems] Discovering subsystems at path C:/Program Files/Unity/Hub/Editor/2020.3.0f1/Editor/Data/Resources/UnitySubsystems
[Subsystems] Discovering subsystems at path D:/project/unity/DittoGame/Assets
GfxDevice: creating device client; threaded=0
Direct3D:
    Version:  Direct3D 11.0 [level 11.1]
    Renderer: NVIDIA GeForce GTX 1060 (ID=0x1c20)
    Vendor:   
    VRAM:     6052 MB
    Driver:   26.21.14.3650
Shader 'Universal Render Pipeline/Particles/Lit': fallback shader 'Universal Render Pipeline/Particles/SimpleLit' not found
Initialize mono
Mono path[0] = 'C:/Program Files/Unity/Hub/Editor/2020.3.0f1/Editor/Data/Managed'
Mono path[1] = 'C:/Program Files/Unity/Hub/Editor/2020.3.0f1/Editor/Data/MonoBleedingEdge/lib/mono/unityjit'
Mono config path = 'C:/Program Files/Unity/Hub/Editor/2020.3.0f1/Editor/Data/MonoBleedingEdge/etc'
Using monoOptions --debugger-agent=transport=dt_socket,embedding=1,server=y,suspend=n,address=127.0.0.1:56336
Begin MonoManager ReloadAssembly
Registering precompiled unity dll's ...
Register platform support module: C:/Program Files/Unity/Hub/Editor/2020.3.0f1/Editor/Data/PlaybackEngines/WindowsStandaloneSupport/UnityEditor.WindowsStandalone.Extensions.dll
Registered in 0.002998 seconds.
Native extension for WindowsStandalone target not found
Refreshing native plugins compatible for Editor in 97.04 ms, found 1 plugins.
Preloading 0 native plugins for Editor in 0.00 ms.
Invoked RoslynAnalysisRunner static constructor.
RoslynAnalysisRunner will not be running.
RoslynAnalysisRunner has terminated.
Mono: successfully reloaded assembly
- Completed reload, in  1.289 seconds
Platform modules already initialized, skipping
Registering precompiled user dll's ...
Registered in 0.006601 seconds.
Begin MonoManager ReloadAssembly
Native extension for WindowsStandalone target not found
Refreshing native plugins compatible for Editor in 61.90 ms, found 1 plugins.
Preloading 0 native plugins for Editor in 0.00 ms.
Invoked RoslynAnalysisRunner static constructor.
RoslynAnalysisRunner will not be running.
RoslynAnalysisRunner has terminated.
Mono: successfully reloaded assembly
- Completed reload, in  1.095 seconds
Platform modules already initialized, skipping
========================================================================
Worker process is ready to serve import requests
Shader 'Universal Render Pipeline/Particles/Lit': fallback shader 'Universal Render Pipeline/Particles/SimpleLit' not found
Launched and connected shader compiler UnityShaderCompiler.exe after 0.06 seconds
Refreshing native plugins compatible for Editor in 0.66 ms, found 1 plugins.
Preloading 0 native plugins for Editor in 0.00 ms.
Unloading 3550 Unused Serialized files (Serialized files now loaded: 0)
System memory in use before: 173.1 MB.
System memory in use after: 173.3 MB.

Unloading 28 unused Assets to reduce memory usage. Loaded Objects now: 4018.
Total: 3.082300 ms (FindLiveObjects: 0.524800 ms CreateObjectMapping: 0.226800 ms MarkObjects: 2.296400 ms  DeleteObjects: 0.032300 ms)

========================================================================
Received Import Request.
  path: Assets/new map.psd
  artifactKey: Guid(ddd91be035e27f049bf14c43fdee9862) Importer(815301076,1909f56bfc062723c751e8b465ee728b)
Start importing Assets/new map.psd using Guid(ddd91be035e27f049bf14c43fdee9862) Importer(815301076,1909f56bfc062723c751e8b465ee728b)  -> (artifact id: '37883a4d02e41450416fa525711425be') in 0.111683 seconds
  Import took 0.117159 seconds .

========================================================================
Received Import Request.
  Time since last request: 28.706890 seconds.
  path: Assets/map
  artifactKey: Guid(06b02333f9fb65b49982e4062bd073d2) Importer(815301076,1909f56bfc062723c751e8b465ee728b)
Start importing Assets/map using Guid(06b02333f9fb65b49982e4062bd073d2) Importer(815301076,1909f56bfc062723c751e8b465ee728b)  -> (artifact id: 'cad22842a42ab41a78ccb60571d07527') in 0.003659 seconds
  Import took 0.010255 seconds .

========================================================================
Received Import Request.
  Time since last request: 195.918708 seconds.
  path: Assets/Editor
  artifactKey: Guid(fb80c07a4f4dec14b901f95d44072e8f) Importer(815301076,1909f56bfc062723c751e8b465ee728b)
Start importing Assets/Editor using Guid(fb80c07a4f4dec14b901f95d44072e8f) Importer(815301076,1909f56bfc062723c751e8b465ee728b)  -> (artifact id: 'a8763deb013c95409c193e252e957b95') in 0.003260 seconds
  Import took 0.033656 seconds .

========================================================================
Received Import Request.
  Time since last request: 60.600063 seconds.
  path: Assets/Editor/PhotoShopImporter.dll
  artifactKey: Guid(3a476d3628987014c84216ecf5742cb8) Importer(815301076,1909f56bfc062723c751e8b465ee728b)
Start importing Assets/Editor/PhotoShopImporter.dll using Guid(3a476d3628987014c84216ecf5742cb8) Importer(815301076,1909f56bfc062723c751e8b465ee728b)  -> (artifact id: '7f50899669e783346ec875b9d1d6d888') in 0.056847 seconds
  Import took 0.089925 seconds .

========================================================================
Received Prepare
Registering precompiled user dll's ...
Registered in 0.009753 seconds.
Begin MonoManager ReloadAssembly
Native extension for WindowsStandalone target not found
Refreshing native plugins compatible for Editor in 0.64 ms, found 1 plugins.
Preloading 0 native plugins for Editor in 0.00 ms.
Invoked RoslynAnalysisRunner static constructor.
RoslynAnalysisRunner will not be running.
RoslynAnalysisRunner has terminated.
Mono: successfully reloaded assembly
- Completed reload, in  1.018 seconds
Platform modules already initialized, skipping
Shader 'Universal Render Pipeline/Particles/Lit': fallback shader 'Universal Render Pipeline/Particles/SimpleLit' not found
Refreshing native plugins compatible for Editor in 0.85 ms, found 1 plugins.
Preloading 0 native plugins for Editor in 0.00 ms.
Unloading 3407 Unused Serialized files (Serialized files now loaded: 0)
System memory in use before: 167.5 MB.
System memory in use after: 167.8 MB.

Unloading 17 unused Assets to reduce memory usage. Loaded Objects now: 4028.
Total: 3.883500 ms (FindLiveObjects: 0.569300 ms CreateObjectMapping: 0.212700 ms MarkObjects: 3.075800 ms  DeleteObjects: 0.023600 ms)

========================================================================
Received Prepare
Registering precompiled user dll's ...
Registered in 0.006271 seconds.
Begin MonoManager ReloadAssembly
Native extension for WindowsStandalone target not found
Refreshing native plugins compatible for Editor in 0.64 ms, found 1 plugins.
Preloading 0 native plugins for Editor in 0.00 ms.
Invoked RoslynAnalysisRunner static constructor.
RoslynAnalysisRunner will not be running.
RoslynAnalysisRunner has terminated.
Mono: successfully reloaded assembly
- Completed reload, in  0.977 seconds
Platform modules already initialized, skipping
Shader 'Universal Render Pipeline/Particles/Lit': fallback shader 'Universal Render Pipeline/Particles/SimpleLit' not found
Refreshing native plugins compatible for Editor in 0.65 ms, found 1 plugins.
Preloading 0 native plugins for Editor in 0.00 ms.
Unloading 3407 Unused Serialized files (Serialized files now loaded: 0)
System memory in use before: 167.6 MB.
System memory in use after: 167.8 MB.

Unloading 17 unused Assets to reduce memory usage. Loaded Objects now: 4032.
Total: 3.472000 ms (FindLiveObjects: 0.548500 ms CreateObjectMapping: 0.244100 ms MarkObjects: 2.654200 ms  DeleteObjects: 0.023500 ms)

AssetImportWorkerClient::OnTransportError - code=2 error=End of file
